[2022-06-15 16:07:00] START
[2022-06-15 16:11:33] EDIT getbooks/controllers/default.py: -1
[2022-06-15 16:11:57] EDIT getbooks/controllers/default.py: 0
[2022-06-15 16:16:15] CREATE index.html: 0
[2022-06-15 16:16:31] EDIT getbooks/views/index.html: 3
[2022-06-15 16:17:33] EDIT getbooks/controllers/default.py: 0
[2022-06-15 16:18:35] DELETE getbooks/views/index.html: -6
[2022-06-15 16:18:50] EDIT getbooks/views/default/index.html: -40
[2022-06-15 16:19:04] EDIT getbooks/views/default/index.html: 0
[2022-06-15 16:19:17] EDIT getbooks/controllers/default.py: 0
[2022-06-15 16:22:36] EDIT getbooks/controllers/default.py: 5
[2022-06-15 16:22:44] EDIT getbooks/controllers/default.py: -1
[2022-06-15 16:22:47] EDIT getbooks/controllers/default.py: 0
[2022-06-15 16:23:28] EDIT getbooks/views/default/index.html: 1
[2022-06-15 19:00:49] EDIT getbooks/controllers/default.py: 4
[2022-06-15 19:01:12] CREATE default/first.html: 0
[2022-06-15 19:01:29] CREATE default/second.html: 0
[2022-06-15 19:01:47] EDIT getbooks/views/default/first.html: 3
[2022-06-15 19:01:59] EDIT getbooks/views/default/second.html: -1
[2022-06-15 19:06:55] EDIT getbooks/controllers/default.py: 3
[2022-06-15 19:07:32] EDIT getbooks/views/default/first.html: 0
[2022-06-15 19:08:18] EDIT getbooks/views/layout.html: 0
[2022-06-15 19:08:50] EDIT getbooks/views/default/second.html: 0
[2022-06-15 19:11:26] EDIT getbooks/controllers/default.py: 2
[2022-06-15 19:13:39] EDIT getbooks/controllers/default.py: -1
[2022-06-15 19:13:45] EDIT getbooks/views/default/first.html: -3
[2022-06-15 19:31:52] DELETE getbooks/views/default/second.html: -2
[2022-06-15 19:31:56] DELETE getbooks/views/default/first.html: -3
[2022-06-15 20:18:57] CREATE default/test.html: 0
[2022-06-15 20:19:16] EDIT getbooks/controllers/default.py: -5
[2022-06-15 20:19:40] EDIT getbooks/views/default/test.html: -1
[2022-06-15 20:20:23] EDIT getbooks/controllers/default.py: 0
[2022-06-15 20:20:58] EDIT getbooks/controllers/default.py: 0
[2022-06-16 00:19:46] EDIT getbooks/controllers/default.py: 1
[2022-06-16 00:21:57] EDIT getbooks/controllers/default.py: 2
[2022-06-16 00:22:12] EDIT getbooks/controllers/default.py: 0
[2022-06-16 00:22:23] EDIT getbooks/controllers/default.py: 0
[2022-06-16 00:22:36] EDIT getbooks/controllers/default.py: 0
[2022-06-16 14:12:35] EDIT getbooks/controllers/default.py: -2
[2022-06-16 14:13:06] EDIT getbooks/views/default/test.html: 0
[2022-06-16 14:16:21] EDIT getbooks/controllers/default.py: -1
[2022-06-16 14:16:23] EDIT getbooks/views/default/test.html: 0
[2022-06-16 14:16:34] EDIT getbooks/views/default/test.html: 0
[2022-06-16 14:17:09] EDIT getbooks/controllers/default.py: 1
[2022-06-16 14:17:24] EDIT getbooks/views/default/test.html: 0
[2022-06-16 14:18:03] EDIT getbooks/controllers/default.py: 0
[2022-06-16 14:23:55] EDIT getbooks/views/default/test.html: 0
[2022-06-16 14:24:29] EDIT getbooks/views/default/test.html: 0
[2022-06-16 14:25:34] EDIT getbooks/views/default/test.html: 2
[2022-06-16 14:35:37] EDIT getbooks/views/default/test.html: 0
[2022-06-16 14:35:42] EDIT getbooks/views/default/test.html: -2
[2022-06-16 14:36:21] EDIT getbooks/controllers/default.py: 1
[2022-06-16 14:36:35] EDIT getbooks/controllers/default.py: 0
[2022-06-16 14:37:48] EDIT getbooks/controllers/default.py: 0
[2022-06-16 14:40:16] EDIT getbooks/controllers/default.py: 0
[2022-06-16 14:44:55] EDIT getbooks/controllers/default.py: 0
[2022-06-16 14:58:55] EDIT getbooks/views/default/test.html: 2
[2022-06-16 14:59:28] EDIT getbooks/controllers/default.py: 0
[2022-06-16 14:59:58] EDIT getbooks/views/default/test.html: 0
[2022-06-16 15:05:26] EDIT getbooks/controllers/default.py: 0
[2022-06-16 15:06:38] EDIT getbooks/controllers/default.py: 2
[2022-06-16 15:13:16] EDIT getbooks/controllers/default.py: 0
[2022-06-16 15:14:13] EDIT getbooks/views/default/test.html: 0
[2022-06-16 15:14:41] EDIT getbooks/controllers/default.py: 1
[2022-06-16 16:03:38] EDIT getbooks/views/default/index.html: 3
[2022-06-16 16:13:33] EDIT getbooks/views/default/index.html: -3
[2022-06-16 16:13:43] EDIT getbooks/views/default/index.html: 0
[2022-06-16 16:15:01] EDIT getbooks/views/default/index.html: 0
[2022-06-16 16:15:03] EDIT getbooks/views/default/index.html: 0
[2022-06-16 16:16:30] EDIT getbooks/views/default/index.html: 1
[2022-06-16 16:18:31] CREATE testxml.html: 0
[2022-06-16 16:18:40] DELETE getbooks/views/testxml.html: -3
[2022-06-16 16:18:53] CREATE default/test.xml: 0
[2022-06-16 16:20:46] EDIT getbooks/controllers/default.py: 0
[2022-06-16 16:21:14] EDIT getbooks/views/default/index.html: -1
[2022-06-16 16:21:27] EDIT getbooks/views/default/index.html: 0
[2022-06-16 16:22:20] EDIT getbooks/views/default/index.html: 0
[2022-06-16 16:22:43] EDIT getbooks/views/default/index.html: 0
[2022-06-16 16:23:09] EDIT getbooks/views/default/index.html: 0
[2022-06-16 16:23:30] EDIT getbooks/views/default/index.html: 0
[2022-06-16 16:23:38] EDIT getbooks/views/default/index.html: 0
[2022-06-16 16:24:47] EDIT getbooks/controllers/default.py: 1
[2022-06-16 16:25:04] EDIT getbooks/views/default/index.html: 0
[2022-06-16 16:25:20] EDIT getbooks/controllers/default.py: 0
[2022-06-16 16:25:45] EDIT getbooks/controllers/default.py: 0
[2022-06-16 16:42:28] EDIT getbooks/controllers/default.py: -2
[2022-06-16 16:42:41] EDIT getbooks/controllers/default.py: 0
[2022-06-16 16:43:39] EDIT getbooks/views/default/index.html: 0
[2022-06-16 16:44:04] EDIT getbooks/views/default/index.html: 0
[2022-06-16 16:45:55] EDIT getbooks/views/default/index.html: 0
[2022-06-16 16:51:21] EDIT getbooks/views/default/index.html: 0
[2022-06-16 16:58:16] EDIT getbooks/controllers/default.py: 0
[2022-06-16 16:58:48] EDIT getbooks/views/default/index.html: 0
[2022-06-16 16:59:24] EDIT getbooks/views/default/index.html: 0
[2022-06-16 16:59:39] EDIT getbooks/views/default/index.html: 0
[2022-06-16 17:00:14] EDIT getbooks/views/default/index.html: 0
[2022-06-16 17:01:34] EDIT getbooks/views/default/index.html: 0
[2022-06-16 17:01:56] EDIT getbooks/views/default/index.html: 0
[2022-06-16 17:03:28] EDIT getbooks/controllers/default.py: 1
[2022-06-16 17:04:31] EDIT getbooks/controllers/default.py: 0
[2022-06-16 17:04:57] EDIT getbooks/controllers/default.py: 0
[2022-06-16 17:05:03] EDIT getbooks/controllers/default.py: 0
[2022-06-16 17:07:10] EDIT getbooks/views/default/index.html: 0
[2022-06-16 17:11:14] EDIT getbooks/views/default/index.html: 0
[2022-06-16 17:11:30] EDIT getbooks/views/default/index.html: 0
[2022-06-16 17:12:04] EDIT getbooks/views/default/index.html: 0
[2022-06-16 17:12:31] EDIT getbooks/views/default/index.html: 0
[2022-06-16 17:13:03] EDIT getbooks/views/default/index.html: 0
[2022-06-16 17:13:48] EDIT getbooks/views/default/index.html: 0
[2022-06-16 17:14:25] EDIT getbooks/controllers/default.py: 0
[2022-06-16 17:42:10] EDIT getbooks/views/default/index.html: 0
[2022-06-16 17:43:40] EDIT getbooks/views/default/index.html: 0
[2022-06-16 17:44:33] EDIT getbooks/views/default/index.html: 0
[2022-06-16 17:44:59] EDIT getbooks/views/default/index.html: 0
[2022-06-17 00:54:10] DELETE getbooks/views/default/test.xml: -1
[2022-06-17 00:54:47] EDIT getbooks/views/default/index.html: 0
